{
  "stats": {
    "suites": 1,
    "tests": 1,
    "passes": 1,
    "pending": 0,
    "failures": 0,
    "start": "2024-05-20T16:42:45.671Z",
    "end": "2024-05-20T16:42:45.757Z",
    "duration": 86,
    "testsRegistered": 1,
    "passPercent": 100,
    "pendingPercent": 0,
    "other": 0,
    "hasOther": false,
    "skipped": 0,
    "hasSkipped": false
  },
  "results": [
    {
      "uuid": "2d99a27f-827a-41f8-ae26-cead128d51ba",
      "title": "",
      "fullFile": "cypress\\e2e\\tests\\CP13PP.cy.js",
      "file": "cypress\\e2e\\tests\\CP13PP.cy.js",
      "beforeHooks": [],
      "afterHooks": [],
      "tests": [],
      "suites": [
        {
          "uuid": "35972ca6-44e1-44bf-8bc3-ae25d9242308",
          "title": "Create Scheudule",
          "fullFile": "",
          "file": "",
          "beforeHooks": [],
          "afterHooks": [],
          "tests": [
            {
              "title": "CP13PP",
              "fullTitle": "Create Scheudule CP13PP",
              "timedOut": null,
              "duration": 49,
              "state": "passed",
              "speed": "fast",
              "pass": true,
              "fail": false,
              "pending": false,
              "context": null,
              "code": "const fechaFormateada = _dateFormatter.default.datetime();\ncy.goToLogin(); // Comando para ir a la pagina de Login\n_loginPage.default.loginTestemation(_config.default); // Función login con las credencias de testermation alojadas en config.js\n_dashboardPage.default.clickSchedule(); // click en icono de calendario \n_schedulePage.default.clickAddButton(); // click en \"+\"\n_schedulePage.default.clickSchedule(); // click en opción Calendario \n_globalPage.default.waitSpinner(); // espera del spinner\n_schedulePage.default.createPeriodToday(_config.default); // se crea un periodo del dia actual con la PL alojada en la variable calendarPL\n_schedulePage.default.createPeriodTomowwor(_config.default); // se crea un periodo en el futuro (mañana) con la PL alojada en la variable calendarPL\n_schedulePage.default.typeNameScheduleInput(\"Calendario creado con Cypress <3 \" + fechaFormateada); // se setea el nombre del calendario + el timestamp\n_schedulePage.default.clickSaveButton(); // click en guardar \n_globalPage.default.readInfoPopup('calendario guardado!'); // se valida el pop-uo Info\ncy.screenshot({\n  capture: 'runner'\n}); // se realiza una captura al calendario creado",
              "err": {},
              "uuid": "a55f97cd-e9ee-408f-8373-be537e819bbd",
              "parentUUID": "35972ca6-44e1-44bf-8bc3-ae25d9242308",
              "isHook": false,
              "skipped": false
            }
          ],
          "suites": [],
          "passes": [
            "a55f97cd-e9ee-408f-8373-be537e819bbd"
          ],
          "failures": [],
          "pending": [],
          "skipped": [],
          "duration": 49,
          "root": false,
          "rootEmpty": false,
          "_timeout": 2000
        }
      ],
      "passes": [],
      "failures": [],
      "pending": [],
      "skipped": [],
      "duration": 0,
      "root": true,
      "rootEmpty": true,
      "_timeout": 2000
    }
  ],
  "meta": {
    "mocha": {
      "version": "7.0.1"
    },
    "mochawesome": {
      "options": {
        "quiet": false,
        "reportFilename": "mochawesome",
        "saveHtml": false,
        "saveJson": true,
        "consoleReporter": "spec",
        "useInlineDiffs": false,
        "code": true
      },
      "version": "7.1.3"
    },
    "marge": {
      "options": {
        "reportDir": "cypress\\report\\.jsons",
        "charts": true,
        "reportPageTitle": "Suit_Login_Result",
        "embeddedScreenshots": true,
        "inlineAssets": true,
        "saveAllAttempts": false,
        "overwrite": false,
        "html": false,
        "json": true
      },
      "version": "6.2.0"
    }
  }
}