{
  "stats": {
    "suites": 1,
    "tests": 1,
    "passes": 0,
    "pending": 0,
    "failures": 1,
    "start": "2024-05-20T16:30:18.625Z",
    "end": "2024-05-20T16:30:19.101Z",
    "duration": 476,
    "testsRegistered": 1,
    "passPercent": 0,
    "pendingPercent": 0,
    "other": 0,
    "hasOther": false,
    "skipped": 0,
    "hasSkipped": false
  },
  "results": [
    {
      "uuid": "8c3faadb-6ad6-41a8-9700-e880c917b9f5",
      "title": "",
      "fullFile": "cypress\\e2e\\Learning\\LearningTPL.cy.js",
      "file": "cypress\\e2e\\Learning\\LearningTPL.cy.js",
      "beforeHooks": [],
      "afterHooks": [],
      "tests": [],
      "suites": [
        {
          "uuid": "3504fc7b-f956-4ff7-bd1b-8300527c368d",
          "title": "Describe TPL",
          "fullFile": "",
          "file": "",
          "beforeHooks": [],
          "afterHooks": [],
          "tests": [
            {
              "title": "CPXX",
              "fullTitle": "Describe TPL CPXX",
              "timedOut": null,
              "duration": 433,
              "state": "failed",
              "speed": null,
              "pass": false,
              "fail": true,
              "pending": false,
              "context": "{\n  \"title\": \"cypress-mochawesome-reporter-screenshots\",\n  \"value\": [\n    [\n      \"\\\\Learning\\\\LearningTPL.cy.js\\\\Describe TPL -- CPXX (failed).png\"\n    ]\n  ]\n}",
              "code": "cy.viewport(1720, 900); // Set viewport to 550px x 750px\ncy.visit('https://demo4.dexmanager.com/DexFrontEnd/#!/login');\nloginPage.typeUsername(\"testermation\");\nloginPage.typePassword(\"QA!2023+\");\nloginPage.clickLogin();\nglobalPage.waitSpinner();\nglobalPage.waitSpinner();\n//Se indica Channel y position de la media a seleccionar",
              "err": {
                "message": "ReferenceError: loginPage is not defined",
                "estack": "ReferenceError: loginPage is not defined\n    at Context.eval (http://localhost:64445/__cypress/tests?p=cypress\\e2e\\Learning\\LearningTPL.cy.js:16:5)",
                "diff": null
              },
              "uuid": "d9380b52-18a5-4db0-b0a2-42b79b7d8f9d",
              "parentUUID": "3504fc7b-f956-4ff7-bd1b-8300527c368d",
              "isHook": false,
              "skipped": false
            }
          ],
          "suites": [],
          "passes": [],
          "failures": [
            "d9380b52-18a5-4db0-b0a2-42b79b7d8f9d"
          ],
          "pending": [],
          "skipped": [],
          "duration": 433,
          "root": false,
          "rootEmpty": false,
          "_timeout": 2000
        }
      ],
      "passes": [],
      "failures": [],
      "pending": [],
      "skipped": [],
      "duration": 0,
      "root": true,
      "rootEmpty": true,
      "_timeout": 2000
    }
  ],
  "meta": {
    "mocha": {
      "version": "7.0.1"
    },
    "mochawesome": {
      "options": {
        "quiet": false,
        "reportFilename": "mochawesome",
        "saveHtml": false,
        "saveJson": true,
        "consoleReporter": "spec",
        "useInlineDiffs": false,
        "code": true
      },
      "version": "7.1.3"
    },
    "marge": {
      "options": {
        "reportDir": "cypress\\report\\.jsons",
        "charts": true,
        "reportPageTitle": "Suit_Login_Result",
        "embeddedScreenshots": true,
        "inlineAssets": true,
        "saveAllAttempts": false,
        "overwrite": false,
        "html": false,
        "json": true
      },
      "version": "6.2.0"
    }
  }
}