{
  "stats": {
    "suites": 1,
    "tests": 1,
    "passes": 0,
    "pending": 0,
    "failures": 1,
    "start": "2024-05-20T16:40:57.903Z",
    "end": "2024-05-20T16:41:32.164Z",
    "duration": 34261,
    "testsRegistered": 1,
    "passPercent": 0,
    "pendingPercent": 0,
    "other": 0,
    "hasOther": false,
    "skipped": 0,
    "hasSkipped": false
  },
  "results": [
    {
      "uuid": "21559f87-ac6d-488d-b2bf-c45c3f2fb26d",
      "title": "",
      "fullFile": "cypress\\e2e\\tests\\ActivatePlayer.cy.js",
      "file": "cypress\\e2e\\tests\\ActivatePlayer.cy.js",
      "beforeHooks": [],
      "afterHooks": [],
      "tests": [],
      "suites": [
        {
          "uuid": "d9a3dc78-da29-4206-85c4-4eae3f4fef41",
          "title": "Activar Players",
          "fullFile": "",
          "file": "",
          "beforeHooks": [],
          "afterHooks": [],
          "tests": [
            {
              "title": "CPXX",
              "fullTitle": "Activar Players CPXX",
              "timedOut": null,
              "duration": 30074,
              "state": "failed",
              "speed": null,
              "pass": false,
              "fail": true,
              "pending": false,
              "context": "{\n  \"title\": \"cypress-mochawesome-reporter-screenshots\",\n  \"value\": [\n    [\n      \"\\\\ActivatePlayer.cy.js\\\\Activar Players -- CPXX (failed).png\"\n    ]\n  ]\n}",
              "code": "cy.fixture('codes.json').then(data => {\n  cy.log('Data received:', data);\n  const players = data;\n  cy.viewport(1720, 900);\n  cy.visit('https://serverqa.dexmanager.com/DexFrontEnd/#!/login');\n  _loginPage.default.typeUsername(\"nandrades\");\n  _loginPage.default.typePassword(\"N123Andrades*\");\n  _loginPage.default.clickLogin();\n  _dashboardPage.default.clickNetwork();\n  // Asumiendo que necesitas usar 'players' aquí\n  players.forEach(player => {\n    _networkPage.default.clickAddButton();\n    cy.wait(200);\n    _networkPage.default.clickActivatePlayerButton();\n    cy.wait(200);\n    _networkPage.default.typePlayerName(player.name);\n    cy.wait(200);\n    _networkPage.default.typePlayerCode(player.code);\n    cy.wait(200);\n    _networkPage.default.clickSaveButton();\n  });\n});",
              "err": {
                "message": "AssertionError: Timed out retrying after 15000ms: expected '<paper-fab#paperFab>' to be 'visible'\n\nThis element `<paper-fab#paperFab>` is not visible because it has CSS property: `position: fixed` and it's being covered by another element:\n\n`<iron-overlay-backdrop style=\"z-index: 104;\" opened=\"\" class=\"opened\"></iron-overlay-backdrop>`",
                "estack": "AssertionError: Timed out retrying after 15000ms: expected '<paper-fab#paperFab>' to be 'visible'\n\nThis element `<paper-fab#paperFab>` is not visible because it has CSS property: `position: fixed` and it's being covered by another element:\n\n`<iron-overlay-backdrop style=\"z-index: 104;\" opened=\"\" class=\"opened\"></iron-overlay-backdrop>`\n    at Object.addButton (webpack:///./cypress/pages/networkPage.js:21:17)\n    at networkPage.clickAddButton (webpack:///./cypress/pages/networkPage.js:71:22)\n    at eval (webpack:///./cypress/e2e/tests/ActivatePlayer.cy.js:22:20)\n    at Context.eval (webpack:///./cypress/e2e/tests/ActivatePlayer.cy.js:21:14)",
                "diff": null
              },
              "uuid": "2c470b12-18bd-47fa-ad0d-a798e1395870",
              "parentUUID": "d9a3dc78-da29-4206-85c4-4eae3f4fef41",
              "isHook": false,
              "skipped": false
            }
          ],
          "suites": [],
          "passes": [],
          "failures": [
            "2c470b12-18bd-47fa-ad0d-a798e1395870"
          ],
          "pending": [],
          "skipped": [],
          "duration": 30074,
          "root": false,
          "rootEmpty": false,
          "_timeout": 2000
        }
      ],
      "passes": [],
      "failures": [],
      "pending": [],
      "skipped": [],
      "duration": 0,
      "root": true,
      "rootEmpty": true,
      "_timeout": 2000
    }
  ],
  "meta": {
    "mocha": {
      "version": "7.0.1"
    },
    "mochawesome": {
      "options": {
        "quiet": false,
        "reportFilename": "mochawesome",
        "saveHtml": false,
        "saveJson": true,
        "consoleReporter": "spec",
        "useInlineDiffs": false,
        "code": true
      },
      "version": "7.1.3"
    },
    "marge": {
      "options": {
        "reportDir": "cypress\\report\\.jsons",
        "charts": true,
        "reportPageTitle": "Suit_Login_Result",
        "embeddedScreenshots": true,
        "inlineAssets": true,
        "saveAllAttempts": false,
        "overwrite": false,
        "html": false,
        "json": true
      },
      "version": "6.2.0"
    }
  }
}