{
  "stats": {
    "suites": 1,
    "tests": 1,
    "passes": 1,
    "pending": 0,
    "failures": 0,
    "start": "2024-05-20T16:44:38.011Z",
    "end": "2024-05-20T16:44:38.103Z",
    "duration": 92,
    "testsRegistered": 1,
    "passPercent": 100,
    "pendingPercent": 0,
    "other": 0,
    "hasOther": false,
    "skipped": 0,
    "hasSkipped": false
  },
  "results": [
    {
      "uuid": "0885ee81-9391-4d41-9d61-8644b5f62c61",
      "title": "",
      "fullFile": "cypress\\e2e\\tests\\createPL.cy.js",
      "file": "cypress\\e2e\\tests\\createPL.cy.js",
      "beforeHooks": [],
      "afterHooks": [],
      "tests": [],
      "suites": [
        {
          "uuid": "eae6e0cd-69d1-4d72-9fe7-23ba7467f790",
          "title": "Create Playlist",
          "fullFile": "",
          "file": "",
          "beforeHooks": [],
          "afterHooks": [],
          "tests": [
            {
              "title": "CPXX",
              "fullTitle": "Create Playlist CPXX",
              "timedOut": null,
              "duration": 58,
              "state": "passed",
              "speed": "fast",
              "pass": true,
              "fail": false,
              "pending": false,
              "context": null,
              "code": "let fechaFormateada = _dateFormatter.default.datetime();\nconst nameMedia1 = 'BR_Quiosque_V_MCFLURRY_Kitkat_Ovomaltine_MyM.jpg';\nconst nameMedia2 = 'Cartel AXION Energy PRUEBA1 (2).jpg';\nconst nameMedia3 = 'dex-burger54-multi-arg-red-21.02.2500.wgt';\nconst nameMedia4 = 'Descuentos 1 hasta 9 ago.mp4';\nconst nameMedia5 = 'BR_Quiosque_V_MCFLURRY_Kitkat_Ovomaltine_MyM--2 (1).json';\ncy.viewport(1720, 900); // Set viewport to 550px x 750px\ncy.visit('https://demo4.dexmanager.com/DexFrontEnd/#!/login');\n_loginPage.default.typeUsername(\"testermation\");\n_loginPage.default.typePassword(\"QA!2023+\");\n_loginPage.default.clickLogin();\n_dashboardPage.default.clickPlaylist();\n_playlistPage.default.clickAddButton();\n_playlistPage.default.clickTheaterslistButton();\n_playlistPage.default.typesearchLayoutInput(\"SINCRO 5PH\");\n_playlistPage.default.clickResultingLayout();\n_playlistPage.default.clickConfirmButton();\n_globalPage.default.waitSpinner();\n_globalPage.default.waitSpinner();\n_playlistPage.default.typeNamePlaylistInput(\"Playlist creada con Cypress <3 \" + fechaFormateada);\n//Carga de elementos variados en los channels 1 - 5\ncy.wait(1500);\n_playlistPage.default.moveMediaToChannel(1, nameMedia1);\ncy.wait(1500);\n_playlistPage.default.moveMediaToChannel(2, nameMedia2);\ncy.wait(1500);\n_playlistPage.default.moveMediaToChannel(3, nameMedia3);\ncy.wait(1500);\n_playlistPage.default.moveMediaToChannel(4, nameMedia4);\ncy.wait(1500);\n_playlistPage.default.moveMediaToChannel(5, nameMedia5);\ncy.wait(1500);\n_playlistPage.default.clickSaveButton();\n_globalPage.default.readInfoPopup('Playlist guardada!');\ncy.screenshot({\n  capture: 'runner'\n});",
              "err": {},
              "uuid": "dae4fec3-319c-4020-8f2b-0389acd328eb",
              "parentUUID": "eae6e0cd-69d1-4d72-9fe7-23ba7467f790",
              "isHook": false,
              "skipped": false
            }
          ],
          "suites": [],
          "passes": [
            "dae4fec3-319c-4020-8f2b-0389acd328eb"
          ],
          "failures": [],
          "pending": [],
          "skipped": [],
          "duration": 58,
          "root": false,
          "rootEmpty": false,
          "_timeout": 2000
        }
      ],
      "passes": [],
      "failures": [],
      "pending": [],
      "skipped": [],
      "duration": 0,
      "root": true,
      "rootEmpty": true,
      "_timeout": 2000
    }
  ],
  "meta": {
    "mocha": {
      "version": "7.0.1"
    },
    "mochawesome": {
      "options": {
        "quiet": false,
        "reportFilename": "mochawesome",
        "saveHtml": false,
        "saveJson": true,
        "consoleReporter": "spec",
        "useInlineDiffs": false,
        "code": true
      },
      "version": "7.1.3"
    },
    "marge": {
      "options": {
        "reportDir": "cypress\\report\\.jsons",
        "charts": true,
        "reportPageTitle": "Suit_Login_Result",
        "embeddedScreenshots": true,
        "inlineAssets": true,
        "saveAllAttempts": false,
        "overwrite": false,
        "html": false,
        "json": true
      },
      "version": "6.2.0"
    }
  }
}