{
  "stats": {
    "suites": 3,
    "tests": 4,
    "passes": 3,
    "pending": 0,
    "failures": 1,
    "start": "2024-05-20T16:30:27.126Z",
    "end": "2024-05-20T16:30:27.427Z",
    "duration": 301,
    "testsRegistered": 1,
    "passPercent": 0,
    "pendingPercent": 0,
    "other": 0,
    "hasOther": false,
    "skipped": 0,
    "hasSkipped": false
  },
  "results": [
    {
      "uuid": "6686fb29-4b1b-4d4c-89c9-247ad927c311",
      "title": "",
      "fullFile": "cypress\\e2e\\Learning\\MediaSelector.cy.js",
      "file": "cypress\\e2e\\Learning\\MediaSelector.cy.js",
      "beforeHooks": [],
      "afterHooks": [],
      "tests": [],
      "suites": [
        {
          "uuid": "6149d0e6-5ae9-4932-bcc8-8e86ce0537cc",
          "title": "Media Selector",
          "fullFile": "",
          "file": "",
          "beforeHooks": [],
          "afterHooks": [],
          "tests": [
            {
              "title": "CPXX",
              "fullTitle": "Media Selector CPXX",
              "timedOut": null,
              "duration": 265,
              "state": "failed",
              "speed": null,
              "pass": false,
              "fail": true,
              "pending": false,
              "context": "{\n  \"title\": \"cypress-mochawesome-reporter-screenshots\",\n  \"value\": [\n    [\n      \"\\\\Learning\\\\MediaSelector.cy.js\\\\Media Selector -- CPXX (failed).png\"\n    ]\n  ]\n}",
              "code": "cy.viewport(1720, 900); // Set viewport to 550px x 750px\ncy.visit('https://demo4.dexmanager.com/DexFrontEnd/#!/login?redirect=playlist/5978');\n_playlistPage.default.typeUsername(\"testermation\");\n_playlistPage.default.typePassword(\"QA!2023+\");\n_playlistPage.default.clickLogin();\n_globalPage.default.waitSpinner();\n_globalPage.default.waitSpinner();\n//Se indica Channel y position de la media a seleccionar\ncy.wait(1000);\n_globalPage.default.waitSpinner();\n_playlistPage.default.clickMediaInchannelInPosition(1, 2);\ncy.wait(1000);\n_playlistPage.default.clickMediaInchannelInPosition(2, 3);\ncy.wait(1000);\n_playlistPage.default.clickMediaInchannelInPosition(1, 4);",
              "err": {
                "message": "TypeError: _playlistPage.default.typeUsername is not a function",
                "estack": "TypeError: _playlistPage.default.typeUsername is not a function\n    at Context.eval (http://localhost:64445/__cypress/tests?p=cypress\\e2e\\Learning\\MediaSelector.cy.js:591:27)",
                "diff": null
              },
              "uuid": "7731f7ab-1603-49d7-a33c-4833a10b4ed5",
              "parentUUID": "6149d0e6-5ae9-4932-bcc8-8e86ce0537cc",
              "isHook": false,
              "skipped": false
            }
          ],
          "suites": [],
          "passes": [],
          "failures": [
            "7731f7ab-1603-49d7-a33c-4833a10b4ed5"
          ],
          "pending": [],
          "skipped": [],
          "duration": 265,
          "root": false,
          "rootEmpty": false,
          "_timeout": 2000
        }
      ],
      "passes": [],
      "failures": [],
      "pending": [],
      "skipped": [],
      "duration": 0,
      "root": true,
      "rootEmpty": true,
      "_timeout": 2000
    }
  ],
  "meta": {
    "mocha": {
      "version": "7.0.1"
    },
    "mochawesome": {
      "options": {
        "quiet": false,
        "reportFilename": "mochawesome",
        "saveHtml": false,
        "saveJson": true,
        "consoleReporter": "spec",
        "useInlineDiffs": false,
        "code": true
      },
      "version": "7.1.3"
    },
    "marge": {
      "options": {
        "reportDir": "cypress\\report\\.jsons",
        "charts": true,
        "reportPageTitle": "Suit_Login_Result",
        "embeddedScreenshots": true,
        "inlineAssets": true,
        "saveAllAttempts": false,
        "overwrite": false,
        "html": false,
        "json": true
      },
      "version": "6.2.0"
    }
  }
}