{
  "stats": {
    "suites": 1,
    "tests": 1,
    "passes": 0,
    "pending": 0,
    "failures": 1,
    "start": "2024-05-20T16:41:38.651Z",
    "end": "2024-05-20T16:42:04.512Z",
    "duration": 25861,
    "testsRegistered": 1,
    "passPercent": 0,
    "pendingPercent": 0,
    "other": 0,
    "hasOther": false,
    "skipped": 0,
    "hasSkipped": false
  },
  "results": [
    {
      "uuid": "2a0a7704-991c-495d-b0d5-fd172bb8e386",
      "title": "",
      "fullFile": "cypress\\e2e\\tests\\CP01PP.cy.js",
      "file": "cypress\\e2e\\tests\\CP01PP.cy.js",
      "beforeHooks": [],
      "afterHooks": [],
      "tests": [],
      "suites": [
        {
          "uuid": "b12d197b-41f5-4fdd-aff5-09a905cc8892",
          "title": "loging, logout, forgot password",
          "fullFile": "",
          "file": "",
          "beforeHooks": [],
          "afterHooks": [],
          "tests": [
            {
              "title": "CP01PP",
              "fullTitle": "loging, logout, forgot password CP01PP",
              "timedOut": null,
              "duration": 22817,
              "state": "failed",
              "speed": null,
              "pass": false,
              "fail": true,
              "pending": false,
              "context": "{\n  \"title\": \"cypress-mochawesome-reporter-screenshots\",\n  \"value\": [\n    [\n      \"\\\\CP01PP.cy.js\\\\loging, logout, forgot password -- CP01PP.png\",\n      \"\\\\CP01PP.cy.js\\\\loging, logout, forgot password -- CP01PP (failed).png\"\n    ]\n  ]\n}",
              "code": "cy.goToLogin(); //Comando para ir a la pagina de Login\n_loginPage.default.loginTestemation(_config.default); //Función login con las credencias de testermation alojadas en config.js\ncy.wait(1000); // espera para la captura\ncy.screenshot({\n  capture: 'runner'\n}, {\n  path: 'C:/Users/example.png'\n}); // Captura del login el dashboard\n_dashboardPage.default.clickAccountMenu(); //Click en foto de perfil\n_dashboardPage.default.clickLogout(); // click en logout\n_loginPage.default.clickForgotBtn(); //Click en \"forgot password\"\n_forgotPasswordPage.default.forgotTertermation(_config.default); //Función para realizar el procesode olvidar contraseña con userName incluye assertion\ncy.wait(500); // espera para la captura\ncy.screenshot({\n  capture: 'runner'\n}, {\n  path: 'C:/Users/example.png'\n}); // Captura del pop-up",
              "err": {
                "message": "AssertionError: Timed out retrying after 15000ms: expected '<paper-dialog#dialogMsg>' to contain text 'If the user is valid, you will receive an email with the instructions to follow', but the text was '\\n            \\n            \\n                Si el usuario es válido, recibirá un email con las instrucciones a seguir\\n            \\n            \\n                OK\\n            \\n        '",
                "estack": "AssertionError: Timed out retrying after 15000ms: expected '<paper-dialog#dialogMsg>' to contain text 'If the user is valid, you will receive an email with the instructions to follow', but the text was '\\n            \\n            \\n                Si el usuario es válido, recibirá un email con las instrucciones a seguir\\n            \\n            \\n                OK\\n            \\n        '\n    at Object.dialogPopUp (webpack:///./cypress/pages/forgotPasswordPage.js:18:17)\n    at ForgotPasswordPage.readDialogPopUp (webpack:///./cypress/pages/forgotPasswordPage.js:32:22)\n    at ForgotPasswordPage.forgotTertermation (webpack:///./cypress/pages/forgotPasswordPage.js:40:13)\n    at Context.eval (webpack:///./cypress/e2e/tests/CP01PP.cy.js:26:23)",
                "diff": "- '\\n            \\n            \\n                Si el usuario es válido, recibirá un email con las instrucciones a seguir\\n            \\n            \\n                OK\\n            \\n        '\n+ 'If the user is valid, you will receive an email with the instructions to follow'\n"
              },
              "uuid": "07254930-3903-4b3c-b5f9-62009561565b",
              "parentUUID": "b12d197b-41f5-4fdd-aff5-09a905cc8892",
              "isHook": false,
              "skipped": false
            }
          ],
          "suites": [],
          "passes": [],
          "failures": [
            "07254930-3903-4b3c-b5f9-62009561565b"
          ],
          "pending": [],
          "skipped": [],
          "duration": 22817,
          "root": false,
          "rootEmpty": false,
          "_timeout": 2000
        }
      ],
      "passes": [],
      "failures": [],
      "pending": [],
      "skipped": [],
      "duration": 0,
      "root": true,
      "rootEmpty": true,
      "_timeout": 2000
    }
  ],
  "meta": {
    "mocha": {
      "version": "7.0.1"
    },
    "mochawesome": {
      "options": {
        "quiet": false,
        "reportFilename": "mochawesome",
        "saveHtml": false,
        "saveJson": true,
        "consoleReporter": "spec",
        "useInlineDiffs": false,
        "code": true
      },
      "version": "7.1.3"
    },
    "marge": {
      "options": {
        "reportDir": "cypress\\report\\.jsons",
        "charts": true,
        "reportPageTitle": "Suit_Login_Result",
        "embeddedScreenshots": true,
        "inlineAssets": true,
        "saveAllAttempts": false,
        "overwrite": false,
        "html": false,
        "json": true
      },
      "version": "6.2.0"
    }
  }
}