{
  "stats": {
    "suites": 1,
    "tests": 1,
    "passes": 1,
    "pending": 0,
    "failures": 0,
    "start": "2024-05-20T16:44:42.234Z",
    "end": "2024-05-20T16:44:42.350Z",
    "duration": 116,
    "testsRegistered": 1,
    "passPercent": 100,
    "pendingPercent": 0,
    "other": 0,
    "hasOther": false,
    "skipped": 0,
    "hasSkipped": false
  },
  "results": [
    {
      "uuid": "ba830b0c-a6e8-419c-8422-7fbc956f9dd9",
      "title": "",
      "fullFile": "cypress\\e2e\\tests\\navegando a la media.cy.js",
      "file": "cypress\\e2e\\tests\\navegando a la media.cy.js",
      "beforeHooks": [],
      "afterHooks": [],
      "tests": [],
      "suites": [
        {
          "uuid": "8eb9681d-0f75-4c52-b814-5bd8ec426d1c",
          "title": "Create Playlist",
          "fullFile": "",
          "file": "",
          "beforeHooks": [],
          "afterHooks": [],
          "tests": [
            {
              "title": "CPXX",
              "fullTitle": "Create Playlist CPXX",
              "timedOut": null,
              "duration": 80,
              "state": "passed",
              "speed": "fast",
              "pass": true,
              "fail": false,
              "pending": false,
              "context": null,
              "code": "let ruta = 'Testing/Automation/carpeta 1';\nlet nameMedia1 = 'pandas 1.jpg';\nlet nameMedia2 = 'pandas 2.jpg';\nlet nameMedia3 = 'pandas 3.jpg';\nlet nameMedia4 = 'pandas 4.jpg';\nlet nameMedia5 = 'pandas 5.jpg';\nlet fechaFormateada = _dateFormatter.default.datetime();\ncy.viewport(1720, 900); // Set viewport to 550px x 750px\ncy.visit('https://demo4.dexmanager.com/DexFrontEnd/#!/login');\n_loginPage.default.typeUsername(\"testermation\");\n_loginPage.default.typePassword(\"QA!2023+\");\n_loginPage.default.clickLogin();\n_dashboardPage.default.clickPlaylist();\n_playlistPage.default.clickAddButton();\n_playlistPage.default.clickTheaterslistButton();\n_playlistPage.default.typesearchLayoutInput(\"SINCRO 5PH\");\n_playlistPage.default.clickResultingLayout();\n_playlistPage.default.clickConfirmButton();\n_globalPage.default.waitSpinner();\n_globalPage.default.waitSpinner();\n_playlistPage.default.typeNamePlaylistInput(\"Playlist creada con Cypress <3 \" + fechaFormateada);\ncy.wait(2000);\n_playlistPage.default.buscarRuta(ruta);\n_playlistPage.default.ubicarSubcarpetaFinal(ruta);\ncy.wait(600);\n_playlistPage.default.clickMedia(nameMedia1);\ncy.wait(600);\n_playlistPage.default.moveMediaToChannel(1, nameMedia1);\ncy.wait(600);\n_playlistPage.default.moveMediaToChannel(2, nameMedia2);\ncy.wait(600);\n_playlistPage.default.moveMediaToChannel(3, nameMedia3);\ncy.wait(600);\n_playlistPage.default.clickMedia(nameMedia1);\ncy.wait(600);\n_playlistPage.default.moveMediaToChannel(4, nameMedia4);\ncy.wait(600);\n_playlistPage.default.clickMedia(nameMedia1);\ncy.wait(600);\n_playlistPage.default.moveMediaToChannel(5, nameMedia5);\ncy.wait(600);\n_playlistPage.default.clickSaveButton();\n_globalPage.default.readInfoPopup('Playlist guardada!');\ncy.screenshot({\n  capture: 'runner'\n});",
              "err": {},
              "uuid": "5641f41b-c727-4afd-be77-3ca94afca58c",
              "parentUUID": "8eb9681d-0f75-4c52-b814-5bd8ec426d1c",
              "isHook": false,
              "skipped": false
            }
          ],
          "suites": [],
          "passes": [
            "5641f41b-c727-4afd-be77-3ca94afca58c"
          ],
          "failures": [],
          "pending": [],
          "skipped": [],
          "duration": 80,
          "root": false,
          "rootEmpty": false,
          "_timeout": 2000
        }
      ],
      "passes": [],
      "failures": [],
      "pending": [],
      "skipped": [],
      "duration": 0,
      "root": true,
      "rootEmpty": true,
      "_timeout": 2000
    }
  ],
  "meta": {
    "mocha": {
      "version": "7.0.1"
    },
    "mochawesome": {
      "options": {
        "quiet": false,
        "reportFilename": "mochawesome",
        "saveHtml": false,
        "saveJson": true,
        "consoleReporter": "spec",
        "useInlineDiffs": false,
        "code": true
      },
      "version": "7.1.3"
    },
    "marge": {
      "options": {
        "reportDir": "cypress\\report\\.jsons",
        "charts": true,
        "reportPageTitle": "Suit_Login_Result",
        "embeddedScreenshots": true,
        "inlineAssets": true,
        "saveAllAttempts": false,
        "overwrite": false,
        "html": false,
        "json": true
      },
      "version": "6.2.0"
    }
  }
}