{
  "stats": {
    "suites": 1,
    "tests": 1,
    "passes": 1,
    "pending": 0,
    "failures": 0,
    "start": "2024-05-20T16:42:11.059Z",
    "end": "2024-05-20T16:42:34.836Z",
    "duration": 23777,
    "testsRegistered": 1,
    "passPercent": 100,
    "pendingPercent": 0,
    "other": 0,
    "hasOther": false,
    "skipped": 0,
    "hasSkipped": false
  },
  "results": [
    {
      "uuid": "1b99c523-5f22-40ca-9200-2d34baabdec4",
      "title": "",
      "fullFile": "cypress\\e2e\\tests\\CP09PP.cy.js",
      "file": "cypress\\e2e\\tests\\CP09PP.cy.js",
      "beforeHooks": [],
      "afterHooks": [],
      "tests": [],
      "suites": [
        {
          "uuid": "18f67516-dbd8-41c0-9ff6-9c7ed701a022",
          "title": "Create Layout",
          "fullFile": "",
          "file": "",
          "beforeHooks": [],
          "afterHooks": [],
          "tests": [
            {
              "title": "CP09PP",
              "fullTitle": "Create Layout CP09PP",
              "timedOut": null,
              "duration": 22026,
              "state": "passed",
              "speed": "slow",
              "pass": true,
              "fail": false,
              "pending": false,
              "context": "{\n  \"title\": \"cypress-mochawesome-reporter-screenshots\",\n  \"value\": [\n    [\n      \"\\\\CP09PP.cy.js\\\\Create Layout -- CP09PP.png\"\n    ]\n  ]\n}",
              "code": "const fechaFormateada = _dateFormatter.default.datetime();\ncy.goToLogin(); //Comando para ir a la pagina de Login\n_loginPage.default.loginTestemation(_config.default); //Función login con las credencias de testermation alojadas en config.js\n_dashboardPage.default.clickMenuPlaylist(); //click en icono playlist\n_dashboardPage.default.clickOptionLayout(); //click en la opción de Layout\n_globalPage.default.waitSpinner(); // Espera para el spinner\ncy.wait(3000);\n_layoutPage.default.clickAddButton(); // click en \"+\"\ncy.wait(200);\n_layoutPage.default.setNameLayout(_config.default, fechaFormateada); // Estable el nombre del layout según los datos alojados en config.js y el timestamp\n_layoutPage.default.crateLayout(_config.default); //Funcicón para crear layout según los datos de configuración\n_layoutPage.default.clickOverlapToggle(); //Activa el toogle para permiter superposión frame\n_layoutPage.default.clickSaveButton(); //Clock en Guardar\ncy.log(\"el layout se creó con el nombre: \" + _config.default.layout); //Imprime el nombre del layout\ncy.wait(500);\ncy.screenshot({\n  capture: 'runner'\n}); //Se captura el layout creado",
              "err": {},
              "uuid": "75d4a1e5-9823-409f-9d37-83c74e02fc72",
              "parentUUID": "18f67516-dbd8-41c0-9ff6-9c7ed701a022",
              "isHook": false,
              "skipped": false
            }
          ],
          "suites": [],
          "passes": [
            "75d4a1e5-9823-409f-9d37-83c74e02fc72"
          ],
          "failures": [],
          "pending": [],
          "skipped": [],
          "duration": 22026,
          "root": false,
          "rootEmpty": false,
          "_timeout": 2000
        }
      ],
      "passes": [],
      "failures": [],
      "pending": [],
      "skipped": [],
      "duration": 0,
      "root": true,
      "rootEmpty": true,
      "_timeout": 2000
    }
  ],
  "meta": {
    "mocha": {
      "version": "7.0.1"
    },
    "mochawesome": {
      "options": {
        "quiet": false,
        "reportFilename": "mochawesome",
        "saveHtml": false,
        "saveJson": true,
        "consoleReporter": "spec",
        "useInlineDiffs": false,
        "code": true
      },
      "version": "7.1.3"
    },
    "marge": {
      "options": {
        "reportDir": "cypress\\report\\.jsons",
        "charts": true,
        "reportPageTitle": "Suit_Login_Result",
        "embeddedScreenshots": true,
        "inlineAssets": true,
        "saveAllAttempts": false,
        "overwrite": false,
        "html": false,
        "json": true
      },
      "version": "6.2.0"
    }
  }
}