{
  "stats": {
    "suites": 1,
    "tests": 3,
    "passes": 3,
    "pending": 0,
    "failures": 0,
    "start": "2024-05-20T16:30:14.198Z",
    "end": "2024-05-20T16:30:14.362Z",
    "duration": 164,
    "testsRegistered": 3,
    "passPercent": 100,
    "pendingPercent": 0,
    "other": 0,
    "hasOther": false,
    "skipped": 0,
    "hasSkipped": false
  },
  "results": [
    {
      "uuid": "74d6fc99-f3cb-4f28-a73e-5d7cef5b8498",
      "title": "",
      "fullFile": "cypress\\e2e\\Learning\\FetchGoogleSheets.cy.js",
      "file": "cypress\\e2e\\Learning\\FetchGoogleSheets.cy.js",
      "beforeHooks": [],
      "afterHooks": [],
      "tests": [],
      "suites": [
        {
          "uuid": "1e0f8f1c-255b-4091-887b-4c86a50fb265",
          "title": "Describe TPL",
          "fullFile": "",
          "file": "",
          "beforeHooks": [],
          "afterHooks": [],
          "tests": [
            {
              "title": "ADD",
              "fullTitle": "Describe TPL ADD",
              "timedOut": null,
              "duration": 40,
              "state": "passed",
              "speed": "fast",
              "pass": true,
              "fail": false,
              "pending": false,
              "context": null,
              "code": "fetch('https://sheet.best/api/sheets/b84f208f-616d-46bc-a1e8-43baa2bc8789', {\n  method: 'POST',\n  mode: 'cors',\n  headers: {\n    'Content-Type': 'application/json'\n  },\n  body: JSON.stringify({\n    User: \"NewUser\",\n    Password: \"NewPassword\"\n  })\n});",
              "err": {},
              "uuid": "166f0c80-37fe-41f8-9dfc-9badf675ce0b",
              "parentUUID": "1e0f8f1c-255b-4091-887b-4c86a50fb265",
              "isHook": false,
              "skipped": false
            },
            {
              "title": "UPDATE",
              "fullTitle": "Describe TPL UPDATE",
              "timedOut": null,
              "duration": 15,
              "state": "passed",
              "speed": "fast",
              "pass": true,
              "fail": false,
              "pending": false,
              "context": null,
              "code": "fetch('https://sheet.best/api/sheets/b84f208f-616d-46bc-a1e8-43baa2bc8789/1', {\n  method: 'PATCH',\n  mode: 'cors',\n  headers: {\n    'Content-Type': 'application/json'\n  },\n  body: JSON.stringify({\n    User: \"tester\",\n    Password: \"XXXXX\"\n  })\n});",
              "err": {},
              "uuid": "15c1844a-3e28-4b2f-9254-a37813440d5a",
              "parentUUID": "1e0f8f1c-255b-4091-887b-4c86a50fb265",
              "isHook": false,
              "skipped": false
            },
            {
              "title": "READ",
              "fullTitle": "Describe TPL READ",
              "timedOut": null,
              "duration": 16,
              "state": "passed",
              "speed": "fast",
              "pass": true,
              "fail": false,
              "pending": false,
              "context": null,
              "code": "fetch('https://sheet.best/api/sheets/b84f208f-616d-46bc-a1e8-43baa2bc8789').then(response => response.json()).then(data => {\n  console.log(data[0].User);\n}).catch(error => {\n  console.error(error);\n});",
              "err": {},
              "uuid": "d0aeeb32-0f00-4c9d-b058-6930cfea130c",
              "parentUUID": "1e0f8f1c-255b-4091-887b-4c86a50fb265",
              "isHook": false,
              "skipped": false
            }
          ],
          "suites": [],
          "passes": [
            "166f0c80-37fe-41f8-9dfc-9badf675ce0b",
            "15c1844a-3e28-4b2f-9254-a37813440d5a",
            "d0aeeb32-0f00-4c9d-b058-6930cfea130c"
          ],
          "failures": [],
          "pending": [],
          "skipped": [],
          "duration": 71,
          "root": false,
          "rootEmpty": false,
          "_timeout": 2000
        }
      ],
      "passes": [],
      "failures": [],
      "pending": [],
      "skipped": [],
      "duration": 0,
      "root": true,
      "rootEmpty": true,
      "_timeout": 2000
    }
  ],
  "meta": {
    "mocha": {
      "version": "7.0.1"
    },
    "mochawesome": {
      "options": {
        "quiet": false,
        "reportFilename": "mochawesome",
        "saveHtml": false,
        "saveJson": true,
        "consoleReporter": "spec",
        "useInlineDiffs": false,
        "code": true
      },
      "version": "7.1.3"
    },
    "marge": {
      "options": {
        "reportDir": "cypress\\report\\.jsons",
        "charts": true,
        "reportPageTitle": "Suit_Login_Result",
        "embeddedScreenshots": true,
        "inlineAssets": true,
        "saveAllAttempts": false,
        "overwrite": false,
        "html": false,
        "json": true
      },
      "version": "6.2.0"
    }
  }
}