{
  "stats": {
    "suites": 1,
    "tests": 5,
    "passes": 2,
    "pending": 0,
    "failures": 3,
    "start": "2024-05-22T14:18:41.577Z",
    "end": "2024-05-22T14:20:08.764Z",
    "duration": 87187,
    "testsRegistered": 5,
    "passPercent": 40,
    "pendingPercent": 0,
    "other": 0,
    "hasOther": false,
    "skipped": 0,
    "hasSkipped": false
  },
  "results": [
    {
      "uuid": "d84d871e-ef6e-48f9-80c0-f220e9bf3ce8",
      "title": "",
      "fullFile": "cypress\\e2e\\tests\\PPU-DEX.cy.js",
      "file": "cypress\\e2e\\tests\\PPU-DEX.cy.js",
      "beforeHooks": [],
      "afterHooks": [],
      "tests": [],
      "suites": [
        {
          "uuid": "0c2026df-b2c9-4c02-a97c-474bab987367",
          "title": "PPU-DEX",
          "fullFile": "",
          "file": "",
          "beforeHooks": [],
          "afterHooks": [],
          "tests": [
            {
              "title": "CP01PP",
              "fullTitle": "PPU-DEX CP01PP",
              "timedOut": null,
              "duration": 12471,
              "state": "passed",
              "speed": "slow",
              "pass": true,
              "fail": false,
              "pending": false,
              "context": "{\n  \"title\": \"cypress-mochawesome-reporter-screenshots\",\n  \"value\": [\n    [\n      \"\\\\PPU-DEX.cy.js\\\\PPU-DEX -- CP01PP.png\",\n      \"\\\\PPU-DEX.cy.js\\\\PPU-DEX -- CP01PP (1).png\"\n    ]\n  ]\n}",
              "code": "cy.goToLogin(); //Comando para ir a la pagina de Login\n_loginPage.default.loginTestemation(_config.default); //Función login con las credencias de testermation alojadas en config.js\ncy.wait(1000); // espera para la captura\ncy.screenshot({\n  capture: 'runner'\n}, {\n  path: 'C:/Users/example.png'\n}); // Captura del login el dashboard\n_dashboardPage.default.clickAccountMenu(); //Click en foto de perfil\n_dashboardPage.default.clickLogout(); // click en logout\n_loginPage.default.clickForgotBtn(); //Click en \"forgot password\"\n_forgotPasswordPage.default.forgotTertermation(_config.default); //Función para realizar el procesode olvidar contraseña con userName incluye assertion\ncy.wait(500); // espera para la captura\ncy.screenshot({\n  capture: 'runner'\n}, {\n  path: 'C:/Users/example.png'\n}); // Captura del pop-up",
              "err": {},
              "uuid": "cc874645-3597-4108-a65a-f18956ed4918",
              "parentUUID": "0c2026df-b2c9-4c02-a97c-474bab987367",
              "isHook": false,
              "skipped": false
            },
            {
              "title": "CP09PP",
              "fullTitle": "PPU-DEX CP09PP",
              "timedOut": null,
              "duration": 20641,
              "state": "passed",
              "speed": "slow",
              "pass": true,
              "fail": false,
              "pending": false,
              "context": "{\n  \"title\": \"cypress-mochawesome-reporter-screenshots\",\n  \"value\": [\n    [\n      \"\\\\PPU-DEX.cy.js\\\\PPU-DEX -- CP09PP.png\"\n    ]\n  ]\n}",
              "code": "const fechaFormateada = _dateFormatter.default.datetime();\ncy.goToLogin(); //Comando para ir a la pagina de Login\n_loginPage.default.loginTestemation(_config.default); //Función login con las credencias de testermation alojadas en config.js\n_dashboardPage.default.clickMenuPlaylist(); //click en icono playlist\n_dashboardPage.default.clickOptionLayout(); //click en la opción de Layout\n_globalPage.default.waitSpinner(); // Espera para el spinner\ncy.wait(3000);\n_layoutPage.default.clickAddButton(); // click en \"+\"\ncy.wait(200);\n_layoutPage.default.setNameLayout(_config.default, fechaFormateada); // Estable el nombre del layout según los datos alojados en config.js y el timestamp\n_layoutPage.default.crateLayout(_config.default); //Funcicón para crear layout según los datos de configuración\n_layoutPage.default.clickOverlapToggle(); //Activa el toogle para permiter superposión frame\n_layoutPage.default.clickSaveButton(); //Clock en Guardar\ncy.log(\"el layout se creó con el nombre: \" + _config.default.layout); //Imprime el nombre del layout\ncy.wait(500);\ncy.screenshot({\n  capture: 'runner'\n}); //Se captura el layout creado",
              "err": {},
              "uuid": "63cd86f6-b3f3-443e-8f34-aadd7ceb649e",
              "parentUUID": "0c2026df-b2c9-4c02-a97c-474bab987367",
              "isHook": false,
              "skipped": false
            },
            {
              "title": "CP10PP",
              "fullTitle": "PPU-DEX CP10PP",
              "timedOut": null,
              "duration": 23892,
              "state": "failed",
              "speed": null,
              "pass": false,
              "fail": true,
              "pending": false,
              "context": "{\n  \"title\": \"cypress-mochawesome-reporter-screenshots\",\n  \"value\": [\n    [\n      \"\\\\PPU-DEX.cy.js\\\\PPU-DEX -- CP10PP (failed).png\"\n    ]\n  ]\n}",
              "code": "const fechaFormateada = _dateFormatter.default.datetime();\ncy.goToLogin(); //Comando para ir a la pagina de Login\ncy.viewport(1200, 600); //Se ajusta este viewport para que se ejecute el Drag&Drop\n_loginPage.default.loginTestemation(_config.default); //Función login con las credencias de testermation alojadas en config.js\n_dashboardPage.default.clickPlaylist(); //click en icono playlist\n_playlistPage.default.clickAddButton(); //click en +\n_playlistPage.default.clickTheaterslistButton(); //click en opcion \"playlist\"\n_playlistPage.default.typesearchLayoutInput(_config.default); // Escribe el nombre del layout alojado en config.js\n_playlistPage.default.clickResultingLayout(); //Selecciona el layout encontrado (de encontrarlo)\n_playlistPage.default.clickConfirmButton(); //Click en botón \"confirmar\"\n_globalPage.default.waitSpinner(); //Espera del spinner\n_globalPage.default.waitSpinner(); //Espera del spinner\n_playlistPage.default.typeNamePlaylistInput(\"Playlist creada con Cypress <3 \" + fechaFormateada); //Se asigna el nombre a la PL con el timestamp de la ejecución\ncy.wait(100);\n_playlistPage.default.assingMediaTochannels(_config.default); //Carga de elementos variados alojados en config.js en los channels 1 - 3\ncy.wait(1500);\n_playlistPage.default.clickSaveButton(); //click en \"Guardar\"\n_globalPage.default.readInfoPopup('Playlist guardada!'); //se realiza un validación del pop-up Info\ncy.screenshot({\n  capture: 'runner'\n}); //Se captura la PL creada",
              "err": {
                "message": "AssertionError: Timed out retrying after 15000ms: Expected to find element: `.media-card.paper-material`, but never found it. Queried from:\n\n              > cy.get([user-configured-lang='en']).shadow().find([name='master']).shadow().find([name='playlist']).shadow().find(#dexPlaylistDetail).shadow().find(#dexComponentSelector).shadow().find(#dexComponentContainer).shadow()",
                "estack": "AssertionError: Timed out retrying after 15000ms: Expected to find element: `.media-card.paper-material`, but never found it. Queried from:\n\n              > cy.get([user-configured-lang='en']).shadow().find([name='master']).shadow().find([name='playlist']).shadow().find(#dexPlaylistDetail).shadow().find(#dexComponentSelector).shadow().find(#dexComponentContainer).shadow()\n    at Object.mediaCards (webpack://dex_manager/./cypress/pages/playlistPage.js:35:30)\n    at playlistPage.clickConfirmButton (webpack://dex_manager/./cypress/pages/playlistPage.js:142:26)\n    at Context.eval (webpack://dex_manager/./cypress/e2e/tests/PPU-DEX.cy.js:90:17)",
                "diff": null
              },
              "uuid": "bf6a648c-890f-43d7-960e-3b69da105364",
              "parentUUID": "0c2026df-b2c9-4c02-a97c-474bab987367",
              "isHook": false,
              "skipped": false
            },
            {
              "title": "CP13PP",
              "fullTitle": "PPU-DEX CP13PP",
              "timedOut": null,
              "duration": 26192,
              "state": "failed",
              "speed": null,
              "pass": false,
              "fail": true,
              "pending": false,
              "context": "{\n  \"title\": \"cypress-mochawesome-reporter-screenshots\",\n  \"value\": [\n    [\n      \"\\\\PPU-DEX.cy.js\\\\PPU-DEX -- CP13PP (failed).png\"\n    ]\n  ]\n}",
              "code": "const fechaFormateada = _dateFormatter.default.datetime();\ncy.goToLogin(); //Comando para ir a la pagina de Login\n_loginPage.default.loginTestemation(_config.default); //Función login con las credencias de testermation alojadas en config.js\n_dashboardPage.default.clickSchedule(); // click en icono de calendario \n_schedulePage.default.clickAddButton(); // click en \"+\"\n_schedulePage.default.clickSchedule(); // click en opción Calendario \n_globalPage.default.waitSpinner(); // espera del spinner\n_schedulePage.default.createPeriodToday(_config.default); // se crea un periodo del dia actual con la PL alojada en la variable calendarPL\n_schedulePage.default.createPeriodTomowwor(_config.default); // se crea un periodo en el futuro (mañana) con la PL alojada en la variable calendarPL\n_schedulePage.default.typeNameScheduleInput(\"Calendario creado con Cypress <3 \" + fechaFormateada); // se setea el nombre del calendario + el timestamp\n_schedulePage.default.clickSaveButton(); // click en guardar \n_globalPage.default.readInfoPopup('calendario guardado!'); // se valida el pop-uo Info\ncy.screenshot({\n  capture: 'runner'\n}); // se realiza una captura al calendario creado",
              "err": {
                "message": "CypressError: Timed out retrying after 15050ms: `cy.click()` failed because this element:\n\n          `<paper-button role=\"button\" tabindex=\"0\" animated=\"\" elevation=\"0\" aria-disabled=\"false\">Aceptar</paper-button>`\n\n          has CSS `pointer-events: none`, inherited from this element:\n\n`<body style=\"pointer-events: none;\">...</body>`\n\n          `pointer-events: none` prevents user mouse interaction.\n\n          Fix this problem, or use {force: true} to disable error checking.\n\nhttps://on.cypress.io/element-cannot-be-interacted-with",
                "estack": "CypressError: Timed out retrying after 15050ms: `cy.click()` failed because this element:\n\n          `<paper-button role=\"button\" tabindex=\"0\" animated=\"\" elevation=\"0\" aria-disabled=\"false\">Aceptar</paper-button>`\n\n          has CSS `pointer-events: none`, inherited from this element:\n\n`<body style=\"pointer-events: none;\">...</body>`\n\n          `pointer-events: none` prevents user mouse interaction.\n\n          Fix this problem, or use {force: true} to disable error checking.\n\nhttps://on.cypress.io/element-cannot-be-interacted-with\n    at ensureElDoesNotHaveCSS (https://demo4.dexmanager.com/__cypress/runner/cypress_runner.js:112358:66)\n    at ensureDescendents (https://demo4.dexmanager.com/__cypress/runner/cypress_runner.js:112466:5)\n    at ensureDescendentsAndScroll (https://demo4.dexmanager.com/__cypress/runner/cypress_runner.js:112474:14)\n    at ensureElIsNotCovered (https://demo4.dexmanager.com/__cypress/runner/cypress_runner.js:112605:5)\n    at runAllChecks (https://demo4.dexmanager.com/__cypress/runner/cypress_runner.js:112804:52)\n    at retryActionability (https://demo4.dexmanager.com/__cypress/runner/cypress_runner.js:112841:16)\n    at tryCatcher (https://demo4.dexmanager.com/__cypress/runner/cypress_runner.js:1807:23)\n    at Promise.attempt.Promise.try (https://demo4.dexmanager.com/__cypress/runner/cypress_runner.js:4315:29)\n    at whenStable (https://demo4.dexmanager.com/__cypress/runner/cypress_runner.js:144459:68)\n    at <unknown> (https://demo4.dexmanager.com/__cypress/runner/cypress_runner.js:144400:14)\n    at tryCatcher (https://demo4.dexmanager.com/__cypress/runner/cypress_runner.js:1807:23)\n    at Promise._settlePromiseFromHandler (https://demo4.dexmanager.com/__cypress/runner/cypress_runner.js:1519:31)\n    at Promise._settlePromise (https://demo4.dexmanager.com/__cypress/runner/cypress_runner.js:1576:18)\n    at Promise._settlePromise0 (https://demo4.dexmanager.com/__cypress/runner/cypress_runner.js:1621:10)\n    at Promise._settlePromises (https://demo4.dexmanager.com/__cypress/runner/cypress_runner.js:1701:18)\n    at Promise._fulfill (https://demo4.dexmanager.com/__cypress/runner/cypress_runner.js:1645:18)\n    at <unknown> (https://demo4.dexmanager.com/__cypress/runner/cypress_runner.js:5450:46)\nFrom Your Spec Code:\n    at schedulePage.clickAcceptButton (webpack://dex_manager/./cypress/pages/schedulePage.js:89:37)\n    at schedulePage.createPeriodToday (webpack://dex_manager/./cypress/pages/schedulePage.js:105:13)\n    at Context.eval (webpack://dex_manager/./cypress/e2e/tests/PPU-DEX.cy.js:121:17)",
                "diff": null
              },
              "uuid": "3bec4b3c-51b7-44e7-a63e-3064696789ca",
              "parentUUID": "0c2026df-b2c9-4c02-a97c-474bab987367",
              "isHook": false,
              "skipped": false
            },
            {
              "title": "CP15PP",
              "fullTitle": "PPU-DEX CP15PP",
              "timedOut": null,
              "duration": 232,
              "state": "failed",
              "speed": null,
              "pass": false,
              "fail": true,
              "pending": false,
              "context": "{\n  \"title\": \"cypress-mochawesome-reporter-screenshots\",\n  \"value\": [\n    [\n      \"\\\\PPU-DEX.cy.js\\\\PPU-DEX -- CP15PP (failed).png\"\n    ]\n  ]\n}",
              "code": "cy.goToLogin(); //Comando para ir a la pagina de Login\n_loginPage.default.loginTestemation(_config.default); //Función login con las credencias de testermation alojadas en config.js\n//globalPage.goToTenant(config);\nconst clientName = await _globalPage.default.readComboTenant();\ncy.log(\"CLIENTNAME=\" + clientName);\nif (clientName == _config.default.client) {\n  cy.log(\"tenant correcto\");\n} else {\n  cy.log(\"tenant incorrecto\");\n  cy.screenshot({\n    capture: 'runner'\n  }); // Captura en tenant incorrecto\n  _globalPage.default.changeTenant(_config.default);\n}\ncy.wait(2000);\n_dashboardPage.default.clickMenuSetting();\n_dashboardPage.default.clickOptionGeneral();\ncy.wait(1000); // espera para la captura\ncy.screenshot({\n  capture: 'runner'\n}); // DexStore inactivo \ncy.wait(1000); // espera post captura\n_generalPage.default.clickToogleDS(); // Se hace click en el toogle de DEX STORE\n_generalPage.default.clickBottomSave();\ncy.wait(500); // espera para la captura\ncy.screenshot({\n  capture: 'runner'\n}); // DexStore activo",
              "err": {
                "message": "CypressError: Cypress detected that you returned a promise from a command while also invoking one or more cy commands in that promise.\n\nThe command that returned the promise was:\n\n  > `cy.visit()`\n\nThe cy command you invoked inside the promise was:\n\n  > `cy.log()`\n\nBecause Cypress commands are already promise-like, you don't need to wrap them or return your own promise.\n\nCypress will resolve your command with whatever the final Cypress command yields.\n\nThe reason this is an error instead of a warning is because Cypress internally queues commands serially whereas Promises execute as soon as they are invoked. Attempting to reconcile this would prevent Cypress from ever resolving.",
                "estack": "CypressError: Cypress detected that you returned a promise from a command while also invoking one or more cy commands in that promise.\n\nThe command that returned the promise was:\n\n  > `cy.visit()`\n\nThe cy command you invoked inside the promise was:\n\n  > `cy.log()`\n\nBecause Cypress commands are already promise-like, you don't need to wrap them or return your own promise.\n\nCypress will resolve your command with whatever the final Cypress command yields.\n\nThe reason this is an error instead of a warning is because Cypress internally queues commands serially whereas Promises execute as soon as they are invoked. Attempting to reconcile this would prevent Cypress from ever resolving.\n    at cy.<computed> [as log] (https://demo4.dexmanager.com/__cypress/runner/cypress_runner.js:138874:64)",
                "diff": null
              },
              "uuid": "9dc38ced-0924-44d6-9586-baab98946ac8",
              "parentUUID": "0c2026df-b2c9-4c02-a97c-474bab987367",
              "isHook": false,
              "skipped": false
            }
          ],
          "suites": [],
          "passes": [
            "cc874645-3597-4108-a65a-f18956ed4918",
            "63cd86f6-b3f3-443e-8f34-aadd7ceb649e"
          ],
          "failures": [
            "bf6a648c-890f-43d7-960e-3b69da105364",
            "3bec4b3c-51b7-44e7-a63e-3064696789ca",
            "9dc38ced-0924-44d6-9586-baab98946ac8"
          ],
          "pending": [],
          "skipped": [],
          "duration": 83428,
          "root": false,
          "rootEmpty": false,
          "_timeout": 2000
        }
      ],
      "passes": [],
      "failures": [],
      "pending": [],
      "skipped": [],
      "duration": 0,
      "root": true,
      "rootEmpty": true,
      "_timeout": 2000
    }
  ],
  "meta": {
    "mocha": {
      "version": "7.0.1"
    },
    "mochawesome": {
      "options": {
        "quiet": false,
        "reportFilename": "mochawesome",
        "saveHtml": false,
        "saveJson": true,
        "consoleReporter": "spec",
        "useInlineDiffs": false,
        "code": true
      },
      "version": "7.1.3"
    },
    "marge": {
      "options": {
        "reportDir": "cypress\\report\\.jsons",
        "charts": true,
        "reportPageTitle": "Suit_Login_Result",
        "embeddedScreenshots": true,
        "inlineAssets": true,
        "saveAllAttempts": false,
        "overwrite": false,
        "html": false,
        "json": true
      },
      "version": "6.2.0"
    }
  }
}