{
  "stats": {
    "suites": 1,
    "tests": 1,
    "passes": 1,
    "pending": 0,
    "failures": 0,
    "start": "2024-05-20T16:42:41.117Z",
    "end": "2024-05-20T16:42:41.263Z",
    "duration": 146,
    "testsRegistered": 1,
    "passPercent": 100,
    "pendingPercent": 0,
    "other": 0,
    "hasOther": false,
    "skipped": 0,
    "hasSkipped": false
  },
  "results": [
    {
      "uuid": "1b5e8236-d7b1-41de-bf95-788d086f7735",
      "title": "",
      "fullFile": "cypress\\e2e\\tests\\CP10PP.cy.js",
      "file": "cypress\\e2e\\tests\\CP10PP.cy.js",
      "beforeHooks": [],
      "afterHooks": [],
      "tests": [],
      "suites": [
        {
          "uuid": "778b8cc9-faa3-46d7-970d-248f9f0cffc5",
          "title": "Create Playlist",
          "fullFile": "",
          "file": "",
          "beforeHooks": [],
          "afterHooks": [],
          "tests": [
            {
              "title": "CPXX",
              "fullTitle": "Create Playlist CPXX",
              "timedOut": null,
              "duration": 107,
              "state": "passed",
              "speed": "fast",
              "pass": true,
              "fail": false,
              "pending": false,
              "context": null,
              "code": "const fechaFormateada = _dateFormatter.default.datetime();\ncy.goToLogin(); //Comando para ir a la pagina de Login\ncy.viewport(1200, 600); //Se ajusta este viewport para que se ejecute el Drag&Drop\n_loginPage.default.loginTestemation(_config.default); //Función login con las credencias de testermation alojadas en config.js\n_dashboardPage.default.clickPlaylist(); //click en icono playlist\n_playlistPage.default.clickAddButton(); //click en +\n_playlistPage.default.clickTheaterslistButton(); //click en opcion \"playlist\"\n_playlistPage.default.typesearchLayoutInput(_config.default); // Escribe el nombre del layout alojado en config.js\n_playlistPage.default.clickResultingLayout(); //Selecciona el layout encontrado (de encontrarlo)\n_playlistPage.default.clickConfirmButton(); //Click en botón \"confirmar\"\n_globalPage.default.waitSpinner(); //Espera del spinner\n_globalPage.default.waitSpinner(); //Espera del spinner\n_playlistPage.default.typeNamePlaylistInput(\"Playlist creada con Cypress <3 \" + fechaFormateada); //Se asigna el nombre a la PL con el timestamp de la ejecución\ncy.wait(100);\n_playlistPage.default.assingMediaTochannels(_config.default); //Carga de elementos variados alojados en config.js en los channels 1 - 3\ncy.wait(1500);\n_playlistPage.default.clickSaveButton(); //click en \"Guardar\"\n_globalPage.default.readInfoPopup('Playlist guardada!'); //se realiza un validación del pop-up Info\ncy.screenshot({\n  capture: 'runner'\n}); //Se captura la PL creada",
              "err": {},
              "uuid": "5b72414e-5ab2-4316-8746-62c5a2a5da00",
              "parentUUID": "778b8cc9-faa3-46d7-970d-248f9f0cffc5",
              "isHook": false,
              "skipped": false
            }
          ],
          "suites": [],
          "passes": [
            "5b72414e-5ab2-4316-8746-62c5a2a5da00"
          ],
          "failures": [],
          "pending": [],
          "skipped": [],
          "duration": 107,
          "root": false,
          "rootEmpty": false,
          "_timeout": 2000
        }
      ],
      "passes": [],
      "failures": [],
      "pending": [],
      "skipped": [],
      "duration": 0,
      "root": true,
      "rootEmpty": true,
      "_timeout": 2000
    }
  ],
  "meta": {
    "mocha": {
      "version": "7.0.1"
    },
    "mochawesome": {
      "options": {
        "quiet": false,
        "reportFilename": "mochawesome",
        "saveHtml": false,
        "saveJson": true,
        "consoleReporter": "spec",
        "useInlineDiffs": false,
        "code": true
      },
      "version": "7.1.3"
    },
    "marge": {
      "options": {
        "reportDir": "cypress\\report\\.jsons",
        "charts": true,
        "reportPageTitle": "Suit_Login_Result",
        "embeddedScreenshots": true,
        "inlineAssets": true,
        "saveAllAttempts": false,
        "overwrite": false,
        "html": false,
        "json": true
      },
      "version": "6.2.0"
    }
  }
}