{
  "stats": {
    "suites": 1,
    "tests": 4,
    "passes": 4,
    "pending": 0,
    "failures": 0,
    "start": "2024-05-20T16:42:55.830Z",
    "end": "2024-05-20T16:43:11.847Z",
    "duration": 16017,
    "testsRegistered": 4,
    "passPercent": 100,
    "pendingPercent": 0,
    "other": 0,
    "hasOther": false,
    "skipped": 0,
    "hasSkipped": false
  },
  "results": [
    {
      "uuid": "4aacf7ef-3cf0-46bd-909d-4a4a351aca9e",
      "title": "",
      "fullFile": "cypress\\e2e\\tests\\Login-Suit.cy.js",
      "file": "cypress\\e2e\\tests\\Login-Suit.cy.js",
      "beforeHooks": [],
      "afterHooks": [],
      "tests": [],
      "suites": [
        {
          "uuid": "b30f510e-49fa-422f-91a3-7e944c390248",
          "title": "Suit login",
          "fullFile": "",
          "file": "",
          "beforeHooks": [],
          "afterHooks": [],
          "tests": [
            {
              "title": "CP01",
              "fullTitle": "Suit login CP01",
              "timedOut": null,
              "duration": 4437,
              "state": "passed",
              "speed": "fast",
              "pass": true,
              "fail": false,
              "pending": false,
              "context": null,
              "code": "cy.visit('https://demo4.dexmanager.com/DexFrontEnd/#!/login');\n_loginPage.default.loginTestemation(_config.default);",
              "err": {},
              "uuid": "6804fdd4-c0af-481e-8527-e578b5b26a11",
              "parentUUID": "b30f510e-49fa-422f-91a3-7e944c390248",
              "isHook": false,
              "skipped": false
            },
            {
              "title": "CP02",
              "fullTitle": "Suit login CP02",
              "timedOut": null,
              "duration": 2643,
              "state": "passed",
              "speed": "fast",
              "pass": true,
              "fail": false,
              "pending": false,
              "context": null,
              "code": "cy.visit('https://demo4.dexmanager.com/DexFrontEnd/#!/login');\n_loginPage.default.loginUserWrong(_config.default, (0, _randomAlphanumeric.default)(10));",
              "err": {},
              "uuid": "7c2aba0d-a287-4276-826e-19bfb362af51",
              "parentUUID": "b30f510e-49fa-422f-91a3-7e944c390248",
              "isHook": false,
              "skipped": false
            },
            {
              "title": "CP03",
              "fullTitle": "Suit login CP03",
              "timedOut": null,
              "duration": 3121,
              "state": "passed",
              "speed": "fast",
              "pass": true,
              "fail": false,
              "pending": false,
              "context": null,
              "code": "cy.visit('https://demo4.dexmanager.com/DexFrontEnd/#!/login');\n_loginPage.default.loginPasswordWrong(_config.default, (0, _randomAlphanumeric.default)(10));",
              "err": {},
              "uuid": "d3d1f7a7-dc6f-4281-b591-157976836fe7",
              "parentUUID": "b30f510e-49fa-422f-91a3-7e944c390248",
              "isHook": false,
              "skipped": false
            },
            {
              "title": "CP04",
              "fullTitle": "Suit login CP04",
              "timedOut": null,
              "duration": 3612,
              "state": "passed",
              "speed": "fast",
              "pass": true,
              "fail": false,
              "pending": false,
              "context": null,
              "code": "cy.visit('https://demo4.dexmanager.com/DexFrontEnd/#!/login');\n_loginPage.default.clickForgotBtn();\n_forgotPasswordPage.default.forgotTertermation(_config.default);",
              "err": {},
              "uuid": "86a3e5f6-fe78-4dd5-afbd-51505cd84064",
              "parentUUID": "b30f510e-49fa-422f-91a3-7e944c390248",
              "isHook": false,
              "skipped": false
            }
          ],
          "suites": [],
          "passes": [
            "6804fdd4-c0af-481e-8527-e578b5b26a11",
            "7c2aba0d-a287-4276-826e-19bfb362af51",
            "d3d1f7a7-dc6f-4281-b591-157976836fe7",
            "86a3e5f6-fe78-4dd5-afbd-51505cd84064"
          ],
          "failures": [],
          "pending": [],
          "skipped": [],
          "duration": 13813,
          "root": false,
          "rootEmpty": false,
          "_timeout": 2000
        }
      ],
      "passes": [],
      "failures": [],
      "pending": [],
      "skipped": [],
      "duration": 0,
      "root": true,
      "rootEmpty": true,
      "_timeout": 2000
    }
  ],
  "meta": {
    "mocha": {
      "version": "7.0.1"
    },
    "mochawesome": {
      "options": {
        "quiet": false,
        "reportFilename": "mochawesome",
        "saveHtml": false,
        "saveJson": true,
        "consoleReporter": "spec",
        "useInlineDiffs": false,
        "code": true
      },
      "version": "7.1.3"
    },
    "marge": {
      "options": {
        "reportDir": "cypress\\report\\.jsons",
        "charts": true,
        "reportPageTitle": "Suit_Login_Result",
        "embeddedScreenshots": true,
        "inlineAssets": true,
        "saveAllAttempts": false,
        "overwrite": false,
        "html": false,
        "json": true
      },
      "version": "6.2.0"
    }
  }
}