{
  "stats": {
    "suites": 1,
    "tests": 2,
    "passes": 1,
    "pending": 0,
    "failures": 1,
    "start": "2024-05-20T16:43:18.499Z",
    "end": "2024-05-20T16:44:15.031Z",
    "duration": 56532,
    "testsRegistered": 2,
    "passPercent": 50,
    "pendingPercent": 0,
    "other": 0,
    "hasOther": false,
    "skipped": 0,
    "hasSkipped": false
  },
  "results": [
    {
      "uuid": "3f444a49-17dd-4fbc-93f7-ac5dcb41e8ab",
      "title": "",
      "fullFile": "cypress\\e2e\\tests\\PPU-DEX.cy.js",
      "file": "cypress\\e2e\\tests\\PPU-DEX.cy.js",
      "beforeHooks": [],
      "afterHooks": [],
      "tests": [],
      "suites": [
        {
          "uuid": "321d1774-38a0-4811-82c0-d83c56e27df2",
          "title": "Create Playlist",
          "fullFile": "",
          "file": "",
          "beforeHooks": [],
          "afterHooks": [],
          "tests": [
            {
              "title": "CP09PP",
              "fullTitle": "Create Playlist CP09PP",
              "timedOut": null,
              "duration": 607,
              "state": "failed",
              "speed": null,
              "pass": false,
              "fail": true,
              "pending": false,
              "context": "{\n  \"title\": \"cypress-mochawesome-reporter-screenshots\",\n  \"value\": [\n    [\n      \"\\\\PPU-DEX.cy.js\\\\Create Playlist -- CP09PP (failed).png\"\n    ]\n  ]\n}",
              "code": "let fechaFormateada = _dateFormatter.default.datetime();\ncy.goToLogin();\n_loginPage.default.loginTestemation(_config.default);\n_dashboardPage.default.clickMenuPlaylist();\n_dashboardPage.default.clickOptionPlaylist();\n_globalPage.default.waitSpinner();\ncy.wait(3000);\n_layoutPage.default.clickAddButton();\ncy.wait(200);\n_layoutPage.default.setNameLayout(_config.default, fechaFormateada);\n_layoutPage.default.crateLayout(_config.default);\n_layoutPage.default.clickOverlapToggle();\n_layoutPage.default.clickSaveButton();\ncy.log(\"el layout se creó con el nombre: \" + _config.default.layout);\ncy.wait(2000);",
              "err": {
                "message": "TypeError: _dashboardPage.default.clickOptionPlaylist is not a function",
                "estack": "TypeError: _dashboardPage.default.clickOptionPlaylist is not a function\n    at Context.eval (webpack:///./cypress/e2e/tests/PPU-DEX.cy.js:23:18)",
                "diff": null
              },
              "uuid": "64c0c9bd-0d90-4a2c-bc7b-05bbc73d71e5",
              "parentUUID": "321d1774-38a0-4811-82c0-d83c56e27df2",
              "isHook": false,
              "skipped": false
            },
            {
              "title": "CP10PP",
              "fullTitle": "Create Playlist CP10PP",
              "timedOut": null,
              "duration": 54167,
              "state": "passed",
              "speed": "slow",
              "pass": true,
              "fail": false,
              "pending": false,
              "context": "{\n  \"title\": \"cypress-mochawesome-reporter-screenshots\",\n  \"value\": [\n    [\n      \"\\\\PPU-DEX.cy.js\\\\Create Playlist -- CP10PP.png\"\n    ]\n  ]\n}",
              "code": "let fechaFormateada = _dateFormatter.default.datetime();\ncy.goToLogin();\ncy.viewport(1200, 600);\n_loginPage.default.loginTestemation(_config.default);\n_dashboardPage.default.clickPlaylist();\n_playlistPage.default.clickAddButton();\n_playlistPage.default.clickTheaterslistButton();\n_playlistPage.default.typesearchLayoutInput(_config.default);\n_playlistPage.default.clickResultingLayout();\n_playlistPage.default.clickConfirmButton();\n_globalPage.default.waitSpinner();\n_globalPage.default.waitSpinner();\n_playlistPage.default.typeNamePlaylistInput(\"Playlist creada con Cypress <3 \" + fechaFormateada);\n//Carga de elementos variados en los channels 1 - 3\ncy.wait(100);\n_playlistPage.default.assingMediaTochannels(_config.default);\ncy.wait(1500);\n_playlistPage.default.clickSaveButton();\n_globalPage.default.readInfoPopup('Playlist guardada!');\ncy.screenshot({\n  capture: 'runner'\n});",
              "err": {},
              "uuid": "179163df-a29b-4371-8812-5fe4ac7e570a",
              "parentUUID": "321d1774-38a0-4811-82c0-d83c56e27df2",
              "isHook": false,
              "skipped": false
            }
          ],
          "suites": [],
          "passes": [
            "179163df-a29b-4371-8812-5fe4ac7e570a"
          ],
          "failures": [
            "64c0c9bd-0d90-4a2c-bc7b-05bbc73d71e5"
          ],
          "pending": [],
          "skipped": [],
          "duration": 54774,
          "root": false,
          "rootEmpty": false,
          "_timeout": 2000
        }
      ],
      "passes": [],
      "failures": [],
      "pending": [],
      "skipped": [],
      "duration": 0,
      "root": true,
      "rootEmpty": true,
      "_timeout": 2000
    }
  ],
  "meta": {
    "mocha": {
      "version": "7.0.1"
    },
    "mochawesome": {
      "options": {
        "quiet": false,
        "reportFilename": "mochawesome",
        "saveHtml": false,
        "saveJson": true,
        "consoleReporter": "spec",
        "useInlineDiffs": false,
        "code": true
      },
      "version": "7.1.3"
    },
    "marge": {
      "options": {
        "reportDir": "cypress\\report\\.jsons",
        "charts": true,
        "reportPageTitle": "Suit_Login_Result",
        "embeddedScreenshots": true,
        "inlineAssets": true,
        "saveAllAttempts": false,
        "overwrite": false,
        "html": false,
        "json": true
      },
      "version": "6.2.0"
    }
  }
}