{
  "stats": {
    "suites": 1,
    "tests": 5,
    "passes": 2,
    "pending": 0,
    "failures": 3,
    "start": "2024-05-20T17:06:38.624Z",
    "end": "2024-05-20T17:07:02.181Z",
    "duration": 23557,
    "testsRegistered": 5,
    "passPercent": 40,
    "pendingPercent": 0,
    "other": 0,
    "hasOther": false,
    "skipped": 0,
    "hasSkipped": false
  },
  "results": [
    {
      "uuid": "56633098-c134-41f6-b8a6-91a4ef765c94",
      "title": "",
      "fullFile": "cypress\\e2e\\tests\\PPU-DEX.cy.js",
      "file": "cypress\\e2e\\tests\\PPU-DEX.cy.js",
      "beforeHooks": [],
      "afterHooks": [],
      "tests": [],
      "suites": [
        {
          "uuid": "6d7f34c4-baf3-48ca-a0d6-a52112678e54",
          "title": "PPU-DEX",
          "fullFile": "",
          "file": "",
          "beforeHooks": [],
          "afterHooks": [],
          "tests": [
            {
              "title": "CP01PP",
              "fullTitle": "PPU-DEX CP01PP",
              "timedOut": null,
              "duration": 401,
              "state": "failed",
              "speed": null,
              "pass": false,
              "fail": true,
              "pending": false,
              "context": "{\n  \"title\": \"cypress-mochawesome-reporter-screenshots\",\n  \"value\": [\n    [\n      \"\\\\PPU-DEX.cy.js\\\\PPU-DEX -- CP01PP (failed).png\"\n    ]\n  ]\n}",
              "code": "cy.goToLogin(); //Comando para ir a la pagina de Login\n_loginPage.default.loginTestemation(_config.default); //Función login con las credencias de testermation alojadas en config.js\ncy.wait(1000); // espera para la captura\ncy.screenshot({\n  capture: 'runner'\n}, {\n  path: 'C:/Users/example.png'\n}); // Captura del login el dashboard\n_dashboardPage.default.clickAccountMenu(); //Click en foto de perfil\n_dashboardPage.default.clickLogout(); // click en logout\n_loginPage.default.clickForgotBtn(); //Click en \"forgot password\"\nforgotPasswordPage.forgotTertermation(_config.default); //Función para realizar el procesode olvidar contraseña con userName incluye assertion\ncy.wait(500); // espera para la captura\ncy.screenshot({\n  capture: 'runner'\n}, {\n  path: 'C:/Users/example.png'\n}); // Captura del pop-up",
              "err": {
                "message": "ReferenceError: forgotPasswordPage is not defined",
                "estack": "ReferenceError: forgotPasswordPage is not defined\n    at Context.eval (webpack:///./cypress/e2e/tests/PPU-DEX.cy.js:28:4)",
                "diff": null
              },
              "uuid": "8b9ce28b-707c-45cc-94bf-8f0a572f458a",
              "parentUUID": "6d7f34c4-baf3-48ca-a0d6-a52112678e54",
              "isHook": false,
              "skipped": false
            },
            {
              "title": "CP09PP",
              "fullTitle": "PPU-DEX CP09PP",
              "timedOut": null,
              "duration": 19618,
              "state": "passed",
              "speed": "slow",
              "pass": true,
              "fail": false,
              "pending": false,
              "context": "{\n  \"title\": \"cypress-mochawesome-reporter-screenshots\",\n  \"value\": [\n    [\n      \"\\\\PPU-DEX.cy.js\\\\PPU-DEX -- CP09PP.png\"\n    ]\n  ]\n}",
              "code": "const fechaFormateada = _dateFormatter.default.datetime();\ncy.goToLogin(); //Comando para ir a la pagina de Login\n_loginPage.default.loginTestemation(_config.default); //Función login con las credencias de testermation alojadas en config.js\n_dashboardPage.default.clickMenuPlaylist(); //click en icono playlist\n_dashboardPage.default.clickOptionLayout(); //click en la opción de Layout\n_globalPage.default.waitSpinner(); // Espera para el spinner\ncy.wait(3000);\n_layoutPage.default.clickAddButton(); // click en \"+\"\ncy.wait(200);\n_layoutPage.default.setNameLayout(_config.default, fechaFormateada); // Estable el nombre del layout según los datos alojados en config.js y el timestamp\n_layoutPage.default.crateLayout(_config.default); //Funcicón para crear layout según los datos de configuración\n_layoutPage.default.clickOverlapToggle(); //Activa el toogle para permiter superposión frame\n_layoutPage.default.clickSaveButton(); //Clock en Guardar\ncy.log(\"el layout se creó con el nombre: \" + _config.default.layout); //Imprime el nombre del layout\ncy.wait(500);\ncy.screenshot({\n  capture: 'runner'\n}); //Se captura el layout creado",
              "err": {},
              "uuid": "7feb9195-f9cb-425a-850f-88d2b3264e5b",
              "parentUUID": "6d7f34c4-baf3-48ca-a0d6-a52112678e54",
              "isHook": false,
              "skipped": false
            },
            {
              "title": "CP10PP",
              "fullTitle": "PPU-DEX CP10PP",
              "timedOut": null,
              "duration": 126,
              "state": "passed",
              "speed": "fast",
              "pass": true,
              "fail": false,
              "pending": false,
              "context": null,
              "code": "const fechaFormateada = _dateFormatter.default.datetime();\ncy.goToLogin(); //Comando para ir a la pagina de Login\ncy.viewport(1200, 600); //Se ajusta este viewport para que se ejecute el Drag&Drop\n_loginPage.default.loginTestemation(_config.default); //Función login con las credencias de testermation alojadas en config.js\n_dashboardPage.default.clickPlaylist(); //click en icono playlist\n_playlistPage.default.clickAddButton(); //click en +\n_playlistPage.default.clickTheaterslistButton(); //click en opcion \"playlist\"\n_playlistPage.default.typesearchLayoutInput(_config.default); // Escribe el nombre del layout alojado en config.js\n_playlistPage.default.clickResultingLayout(); //Selecciona el layout encontrado (de encontrarlo)\n_playlistPage.default.clickConfirmButton(); //Click en botón \"confirmar\"\n_globalPage.default.waitSpinner(); //Espera del spinner\n_globalPage.default.waitSpinner(); //Espera del spinner\n_playlistPage.default.typeNamePlaylistInput(\"Playlist creada con Cypress <3 \" + fechaFormateada); //Se asigna el nombre a la PL con el timestamp de la ejecución\ncy.wait(100);\n_playlistPage.default.assingMediaTochannels(_config.default); //Carga de elementos variados alojados en config.js en los channels 1 - 3\ncy.wait(1500);\n_playlistPage.default.clickSaveButton(); //click en \"Guardar\"\n_globalPage.default.readInfoPopup('Playlist guardada!'); //se realiza un validación del pop-up Info\ncy.screenshot({\n  capture: 'runner'\n}); //Se captura la PL creada",
              "err": {},
              "uuid": "e8333e52-1a13-42eb-86c8-4b81a662d993",
              "parentUUID": "6d7f34c4-baf3-48ca-a0d6-a52112678e54",
              "isHook": false,
              "skipped": false
            },
            {
              "title": "CP13PP",
              "fullTitle": "PPU-DEX CP13PP",
              "timedOut": null,
              "duration": 278,
              "state": "failed",
              "speed": null,
              "pass": false,
              "fail": true,
              "pending": false,
              "context": "{\n  \"title\": \"cypress-mochawesome-reporter-screenshots\",\n  \"value\": [\n    [\n      \"\\\\PPU-DEX.cy.js\\\\PPU-DEX -- CP13PP (failed).png\"\n    ]\n  ]\n}",
              "code": "const fechaFormateada = _dateFormatter.default.datetime();\ncy.goToLogin(); // Comando para ir a la pagina de Login\n_loginPage.default.loginTestemation(_config.default); // Función login con las credencias de testermation alojadas en config.js\n_dashboardPage.default.clickSchedule(); // click en icono de calendario \nschedulePage.clickAddButton(); // click en \"+\"\nschedulePage.clickSchedule(); // click en opción Calendario \n_globalPage.default.waitSpinner(); // espera del spinner\nschedulePage.createPeriodToday(_config.default); // se crea un periodo del dia actual con la PL alojada en la variable calendarPL\nschedulePage.createPeriodTomowwor(_config.default); // se crea un periodo en el futuro (mañana) con la PL alojada en la variable calendarPL\nschedulePage.typeNameScheduleInput(\"Calendario creado con Cypress <3 \" + fechaFormateada); // se setea el nombre del calendario + el timestamp\nschedulePage.clickSaveButton(); // click en guardar \n_globalPage.default.readInfoPopup('calendario guardado!'); // se valida el pop-uo Info\ncy.screenshot({\n  capture: 'runner'\n}); // se realiza una captura al calendario creado",
              "err": {
                "message": "ReferenceError: schedulePage is not defined",
                "estack": "ReferenceError: schedulePage is not defined\n    at Context.eval (https://demo4.dexmanager.com/__cypress/tests?p=cypress\\e2e\\tests\\PPU-DEX.cy.js:1066:5)",
                "diff": null
              },
              "uuid": "66395119-2234-4607-90a3-cee0fc0ee2a9",
              "parentUUID": "6d7f34c4-baf3-48ca-a0d6-a52112678e54",
              "isHook": false,
              "skipped": false
            },
            {
              "title": "CP15PP",
              "fullTitle": "PPU-DEX CP15PP",
              "timedOut": null,
              "duration": 279,
              "state": "failed",
              "speed": null,
              "pass": false,
              "fail": true,
              "pending": false,
              "context": "{\n  \"title\": \"cypress-mochawesome-reporter-screenshots\",\n  \"value\": [\n    [\n      \"\\\\PPU-DEX.cy.js\\\\PPU-DEX -- CP15PP (failed).png\"\n    ]\n  ]\n}",
              "code": "// const testName = this.testName\ncy.goToLogin(); //Comando para ir a la pagina de Login\n_loginPage.default.loginTestemation(_config.default); //Función login con las credencias de testermation alojadas en config.js\n//globalPage.goToTenant(config);\nconst clientName = await _globalPage.default.readComboTenant();\ncy.log(\"CLIENTNAME=\" + clientName);\nif (clientName == _config.default.client) {\n  cy.log(\"tenant correcto\");\n} else {\n  cy.log(\"tenant incorrecto\");\n  cy.screenshot({\n    capture: 'runner'\n  }); // Captura en tenant incorrecto\n  _globalPage.default.changeTenant(_config.default);\n}\ncy.wait(2000);\n_dashboardPage.default.clickMenuSetting();\n_dashboardPage.default.clickOptionGeneral();\ncy.wait(1000); // espera para la captura\ncy.screenshot({\n  capture: 'runner'\n}); // DexStore inactivo \ncy.wait(1000); // espera post captura\ngeneralPage.clickToogleDS(); // Se hace click en el toogle de DEX STORE\ngeneralPage.clickBottomSave();\ncy.wait(500); // espera para la captura\ncy.screenshot({\n  capture: 'runner'\n}); // DexStore activo",
              "err": {
                "message": "CypressError: Cypress detected that you returned a promise from a command while also invoking one or more cy commands in that promise.\n\nThe command that returned the promise was:\n\n  > `cy.visit()`\n\nThe cy command you invoked inside the promise was:\n\n  > `cy.log()`\n\nBecause Cypress commands are already promise-like, you don't need to wrap them or return your own promise.\n\nCypress will resolve your command with whatever the final Cypress command yields.\n\nThe reason this is an error instead of a warning is because Cypress internally queues commands serially whereas Promises execute as soon as they are invoked. Attempting to reconcile this would prevent Cypress from ever resolving.",
                "estack": "CypressError: Cypress detected that you returned a promise from a command while also invoking one or more cy commands in that promise.\n\nThe command that returned the promise was:\n\n  > `cy.visit()`\n\nThe cy command you invoked inside the promise was:\n\n  > `cy.log()`\n\nBecause Cypress commands are already promise-like, you don't need to wrap them or return your own promise.\n\nCypress will resolve your command with whatever the final Cypress command yields.\n\nThe reason this is an error instead of a warning is because Cypress internally queues commands serially whereas Promises execute as soon as they are invoked. Attempting to reconcile this would prevent Cypress from ever resolving.\n    at cy.<computed> [as log] (https://demo4.dexmanager.com/__cypress/runner/cypress_runner.js:138874:64)",
                "diff": null
              },
              "uuid": "d7b31323-eb22-4632-8ae6-af98a68f7317",
              "parentUUID": "6d7f34c4-baf3-48ca-a0d6-a52112678e54",
              "isHook": false,
              "skipped": false
            }
          ],
          "suites": [],
          "passes": [
            "7feb9195-f9cb-425a-850f-88d2b3264e5b",
            "e8333e52-1a13-42eb-86c8-4b81a662d993"
          ],
          "failures": [
            "8b9ce28b-707c-45cc-94bf-8f0a572f458a",
            "66395119-2234-4607-90a3-cee0fc0ee2a9",
            "d7b31323-eb22-4632-8ae6-af98a68f7317"
          ],
          "pending": [],
          "skipped": [],
          "duration": 20702,
          "root": false,
          "rootEmpty": false,
          "_timeout": 2000
        }
      ],
      "passes": [],
      "failures": [],
      "pending": [],
      "skipped": [],
      "duration": 0,
      "root": true,
      "rootEmpty": true,
      "_timeout": 2000
    }
  ],
  "meta": {
    "mocha": {
      "version": "7.0.1"
    },
    "mochawesome": {
      "options": {
        "quiet": false,
        "reportFilename": "mochawesome",
        "saveHtml": false,
        "saveJson": true,
        "consoleReporter": "spec",
        "useInlineDiffs": false,
        "code": true
      },
      "version": "7.1.3"
    },
    "marge": {
      "options": {
        "reportDir": "cypress\\report\\.jsons",
        "charts": true,
        "reportPageTitle": "Suit_Login_Result",
        "embeddedScreenshots": true,
        "inlineAssets": true,
        "saveAllAttempts": false,
        "overwrite": false,
        "html": false,
        "json": true
      },
      "version": "6.2.0"
    }
  }
}