{
  "stats": {
    "suites": 1,
    "tests": 2,
    "passes": 0,
    "pending": 0,
    "failures": 2,
    "start": "2024-05-20T16:44:46.645Z",
    "end": "2024-05-20T16:44:48.634Z",
    "duration": 1989,
    "testsRegistered": 1,
    "passPercent": 0,
    "pendingPercent": 0,
    "other": 0,
    "hasOther": false,
    "skipped": 0,
    "hasSkipped": false
  },
  "results": [
    {
      "uuid": "15e61f0b-a6ea-4b21-8c5e-7ab2fcb81547",
      "title": "",
      "fullFile": "cypress\\e2e\\tests\\primer_test.cy.js",
      "file": "cypress\\e2e\\tests\\primer_test.cy.js",
      "beforeHooks": [],
      "afterHooks": [],
      "tests": [],
      "suites": [
        {
          "uuid": "80cc0be2-cb5d-4404-bbf4-e3e8f41a7776",
          "title": "Modificar PL DEFAULT de player",
          "fullFile": "",
          "file": "",
          "beforeHooks": [],
          "afterHooks": [],
          "tests": [
            {
              "title": "CPXX",
              "fullTitle": "Modificar PL DEFAULT de player CPXX",
              "timedOut": null,
              "duration": 345,
              "state": "failed",
              "speed": null,
              "pass": false,
              "fail": true,
              "pending": false,
              "context": "{\n  \"title\": \"cypress-mochawesome-reporter-screenshots\",\n  \"value\": [\n    [\n      \"\\\\primer_test.cy.js\\\\Modificar PL DEFAULT de player -- CPXX (failed) (1).png\"\n    ]\n  ]\n}",
              "code": "let newPL = \"\";\ncy.viewport(1720, 900); // Set viewport to 550px x 750px\ncy.visit('https://demo4.dexmanager.com/DexFrontEnd/#!/login');\n_loginPage.default.typeUsername(\"testermation\");\n_loginPage.default.typePassword(\"QA!2023+\");\n_loginPage.default.clickLogin();\n_dashboardPage.default.clickNetwork();\n_networkPage.default.searchPlayer(\"WIN JS NOTENOOK NESTOR\");\ncy.wait(1000);\n_networkPage.default.clickResultingPlayer();\nlet namePlaylist = await _networkDetailPage.default.getNamePLDefault();\ncy.log(\"PL DEFAULT actual \" + namePlaylist);\nif (namePlaylist === 'SOLO MESSI') {\n  newPL = 'solo pandas(NO MODIFICAR)';\n} else {\n  newPL = 'SOLO MESSI';\n}\ncy.log(\"Nueva PL DEFAULT: \" + newPL);\ncy.screenshot('Antes de asignar PL Nueva', {\n  capture: 'runner'\n});\n_networkDetailPage.default.asingDefaultPL(newPL);\ncy.screenshot('PL nueva asignada', {\n  capture: 'runner'\n});\n_networkDetailPage.default.clickSave(newPL);",
              "err": {
                "message": "CypressError: Cypress detected that you returned a promise from a command while also invoking one or more cy commands in that promise.\n\nThe command that returned the promise was:\n\n  > `cy.visit()`\n\nThe cy command you invoked inside the promise was:\n\n  > `cy.log()`\n\nBecause Cypress commands are already promise-like, you don't need to wrap them or return your own promise.\n\nCypress will resolve your command with whatever the final Cypress command yields.\n\nThe reason this is an error instead of a warning is because Cypress internally queues commands serially whereas Promises execute as soon as they are invoked. Attempting to reconcile this would prevent Cypress from ever resolving.",
                "estack": "CypressError: Cypress detected that you returned a promise from a command while also invoking one or more cy commands in that promise.\n\nThe command that returned the promise was:\n\n  > `cy.visit()`\n\nThe cy command you invoked inside the promise was:\n\n  > `cy.log()`\n\nBecause Cypress commands are already promise-like, you don't need to wrap them or return your own promise.\n\nCypress will resolve your command with whatever the final Cypress command yields.\n\nThe reason this is an error instead of a warning is because Cypress internally queues commands serially whereas Promises execute as soon as they are invoked. Attempting to reconcile this would prevent Cypress from ever resolving.\n    at cy.<computed> [as log] (https://demo4.dexmanager.com/__cypress/runner/cypress_runner.js:138874:64)",
                "diff": null
              },
              "uuid": "c9e6f797-004e-4bff-9aa2-829ec74f36d6",
              "parentUUID": "80cc0be2-cb5d-4404-bbf4-e3e8f41a7776",
              "isHook": false,
              "skipped": false
            }
          ],
          "suites": [],
          "passes": [],
          "failures": [
            "c9e6f797-004e-4bff-9aa2-829ec74f36d6"
          ],
          "pending": [],
          "skipped": [],
          "duration": 345,
          "root": false,
          "rootEmpty": false,
          "_timeout": 2000
        }
      ],
      "passes": [],
      "failures": [],
      "pending": [],
      "skipped": [],
      "duration": 0,
      "root": true,
      "rootEmpty": true,
      "_timeout": 2000
    }
  ],
  "meta": {
    "mocha": {
      "version": "7.0.1"
    },
    "mochawesome": {
      "options": {
        "quiet": false,
        "reportFilename": "mochawesome",
        "saveHtml": false,
        "saveJson": true,
        "consoleReporter": "spec",
        "useInlineDiffs": false,
        "code": true
      },
      "version": "7.1.3"
    },
    "marge": {
      "options": {
        "reportDir": "cypress\\report\\.jsons",
        "charts": true,
        "reportPageTitle": "Suit_Login_Result",
        "embeddedScreenshots": true,
        "inlineAssets": true,
        "saveAllAttempts": false,
        "overwrite": false,
        "html": false,
        "json": true
      },
      "version": "6.2.0"
    }
  }
}